<?xml version="1.0" encoding="UTF-8"?><TestReport time="Wed May 07 09:48:35 IST 2014">
<TestCases/>
</TestReport>
