<?xml version="1.0" encoding="UTF-8"?>
<!-- Generated by org.testng.reporters.JUnitReportReporter -->
<testsuite hostname="Draxayani-PC" name="com.adv.qa.selenium.tests.currency.phase3.A098_Item_CreationTest" tests="1" failures="0" timestamp="4 Nov 2014 09:07:08 GMT" time="145.030" errors="0">
  <testcase name="verify" time="145.030" classname="com.adv.qa.selenium.tests.currency.phase3.A098_Item_CreationTest"/>
</testsuite> <!-- com.adv.qa.selenium.tests.currency.phase3.A098_Item_CreationTest -->
