<?xml version="1.0" encoding="UTF-8"?>
<!-- Generated by org.testng.reporters.JUnitReportReporter -->
<testsuite hostname="Draxayani-PC" name="com.adv.qa.selenium.tests.currency.phase2.A052_Tax_AccountsTest" tests="1" failures="0" timestamp="3 Nov 2014 11:17:01 GMT" time="180.089" errors="0">
  <testcase name="verify" time="180.089" classname="com.adv.qa.selenium.tests.currency.phase2.A052_Tax_AccountsTest"/>
</testsuite> <!-- com.adv.qa.selenium.tests.currency.phase2.A052_Tax_AccountsTest -->
