<?xml version="1.0" encoding="UTF-8"?>
<!-- Generated by org.testng.reporters.JUnitReportReporter -->
<testsuite hostname="Draxayani-PC" name="com.adv.qa.selenium.tests.currency.phase2.A079_Authorisation_GroupsTest" tests="1" failures="0" timestamp="5 Sep 2014 09:40:37 GMT" time="154.008" errors="0">
  <testcase name="verify" time="154.008" classname="com.adv.qa.selenium.tests.currency.phase2.A079_Authorisation_GroupsTest"/>
</testsuite> <!-- com.adv.qa.selenium.tests.currency.phase2.A079_Authorisation_GroupsTest -->
