<?xml version="1.0" encoding="UTF-8"?>
<!-- Generated by org.testng.reporters.JUnitReportReporter -->
<testsuite hostname="Draxayani-PC" name="com.adv.qa.selenium.tests.currency.phase3.A097_Stock_TypesTest" tests="1" failures="0" timestamp="3 Nov 2014 04:19:52 GMT" time="96.656" errors="0">
  <testcase name="verify" time="96.656" classname="com.adv.qa.selenium.tests.currency.phase3.A097_Stock_TypesTest"/>
</testsuite> <!-- com.adv.qa.selenium.tests.currency.phase3.A097_Stock_TypesTest -->
