<?xml version="1.0" encoding="UTF-8"?>
<!-- Generated by org.testng.reporters.JUnitReportReporter -->
<testsuite hostname="Draxayani-PC" name="com.adv.qa.selenium.tests.currency.phase3.AD01009_General_Ledger_AuditTest" tests="1" failures="0" timestamp="3 Nov 2014 10:49:52 GMT" time="95.340" errors="0">
  <testcase name="verify" time="95.340" classname="com.adv.qa.selenium.tests.currency.phase3.AD01009_General_Ledger_AuditTest"/>
</testsuite> <!-- com.adv.qa.selenium.tests.currency.phase3.AD01009_General_Ledger_AuditTest -->
