<?xml version="1.0" encoding="UTF-8"?>
<!-- Generated by org.testng.reporters.JUnitReportReporter -->
<testsuite hostname="Draxayani-PC" name="com.adv.qa.selenium.tests.currency.A009_Distribution_ProfileTest" tests="1" failures="0" timestamp="11 Aug 2014 15:04:53 GMT" time="129.563" errors="0">
  <testcase name="verify" time="129.563" classname="com.adv.qa.selenium.tests.currency.A009_Distribution_ProfileTest"/>
</testsuite> <!-- com.adv.qa.selenium.tests.currency.A009_Distribution_ProfileTest -->
