<?xml version="1.0" encoding="UTF-8"?>
<!-- Generated by org.testng.reporters.JUnitReportReporter -->
<testsuite hostname="Draxayani-PC" name="com.adv.qa.selenium.tests.currency.phase3.A116_Simplified_Security_ElementsTest" tests="1" failures="0" timestamp="3 Nov 2014 09:50:27 GMT" time="126.780" errors="0">
  <testcase name="verify" time="126.780" classname="com.adv.qa.selenium.tests.currency.phase3.A116_Simplified_Security_ElementsTest"/>
</testsuite> <!-- com.adv.qa.selenium.tests.currency.phase3.A116_Simplified_Security_ElementsTest -->
