<?xml version="1.0" encoding="UTF-8"?>
<!-- Generated by org.testng.reporters.JUnitReportReporter -->
<testsuite hostname="Draxayani-PC" name="com.adv.qa.selenium.tests.currency.phase2.A077_CP_Company_ControlsTest" tests="1" failures="0" timestamp="5 Sep 2014 09:40:37 GMT" time="88.972" errors="0">
  <testcase name="verify" time="88.972" classname="com.adv.qa.selenium.tests.currency.phase2.A077_CP_Company_ControlsTest"/>
</testsuite> <!-- com.adv.qa.selenium.tests.currency.phase2.A077_CP_Company_ControlsTest -->
