<?xml version="1.0" encoding="UTF-8"?>
<!-- Generated by org.testng.reporters.JUnitReportReporter -->
<testsuite hostname="Draxayani-PC" name="com.adv.qa.selenium.tests.currency.A039_EnquiryTest" tests="1" failures="0" timestamp="11 Aug 2014 15:04:53 GMT" time="27.204" errors="1">
  <testcase name="verify" time="27.204" classname="com.adv.qa.selenium.tests.currency.A039_EnquiryTest">
    <error type="java.lang.AssertionError" message="Structure Rebuild page expected [MEJI - Balance Sheet/Profit and Loss] but found [MZA2 - e5 Menu]">
      <![CDATA[java.lang.AssertionError: Structure Rebuild page expected [MEJI - Balance Sheet/Profit and Loss] but found [MZA2 - e5 Menu]
	at org.testng.Assert.fail(Assert.java:94)
	at org.testng.Assert.failNotEquals(Assert.java:494)
	at org.testng.Assert.assertEquals(Assert.java:123)
	at org.testng.Assert.assertEquals(Assert.java:176)
	at com.adv.qa.selenium.framework.Assert.assertEquals(Assert.java:163)
	at com.adv.qa.selenium.tests.currency.A039_EnquiryTest.verify(A039_EnquiryTest.java:56)
	at sun.reflect.NativeMethodAccessorImpl.invoke0(Native Method)
	at sun.reflect.NativeMethodAccessorImpl.invoke(Unknown Source)
	at sun.reflect.DelegatingMethodAccessorImpl.invoke(Unknown Source)
	at java.lang.reflect.Method.invoke(Unknown Source)
	at org.testng.internal.MethodInvocationHelper.invokeMethod(MethodInvocationHelper.java:84)
	at org.testng.internal.InvokeMethodRunnable.runOne(InvokeMethodRunnable.java:46)
	at org.testng.internal.InvokeMethodRunnable.run(InvokeMethodRunnable.java:37)
	at java.util.concurrent.Executors$RunnableAdapter.call(Unknown Source)
	at java.util.concurrent.FutureTask.run(Unknown Source)
	at java.util.concurrent.ThreadPoolExecutor.runWorker(Unknown Source)
	at java.util.concurrent.ThreadPoolExecutor$Worker.run(Unknown Source)
	at java.lang.Thread.run(Unknown Source)
]]>
    </error>
  </testcase> <!-- verify -->
</testsuite> <!-- com.adv.qa.selenium.tests.currency.A039_EnquiryTest -->
