<?xml version="1.0" encoding="UTF-8"?>
<!-- Generated by org.testng.reporters.JUnitReportReporter -->
<testsuite hostname="Draxayani-PC" name="com.adv.qa.selenium.tests.currency.A018D_Ledger_Control_Nominals" tests="1" failures="0" timestamp="2 Nov 2014 08:19:37 GMT" time="458.870" errors="0">
  <testcase name="verify" time="458.870" classname="com.adv.qa.selenium.tests.currency.A018D_Ledger_Control_Nominals"/>
</testsuite> <!-- com.adv.qa.selenium.tests.currency.A018D_Ledger_Control_Nominals -->
