<?xml version="1.0" encoding="UTF-8"?>
<!-- Generated by org.testng.reporters.JUnitReportReporter -->
<testsuite hostname="Draxayani-PC" name="com.adv.qa.selenium.tests.currency.phase3.A106_Inventory_Store_ControlTest" tests="1" failures="0" timestamp="3 Nov 2014 07:20:10 GMT" time="418.551" errors="0">
  <testcase name="verify" time="418.551" classname="com.adv.qa.selenium.tests.currency.phase3.A106_Inventory_Store_ControlTest"/>
</testsuite> <!-- com.adv.qa.selenium.tests.currency.phase3.A106_Inventory_Store_ControlTest -->
