<?xml version="1.0" encoding="UTF-8"?>
<!-- Generated by org.testng.reporters.JUnitReportReporter -->
<testsuite hostname="Draxayani-PC" name="com.adv.qa.selenium.tests.currency.phase2.A089_Amend_AP_Company_Controls_For_AuthorisationTest" tests="1" failures="0" timestamp="5 Sep 2014 09:40:37 GMT" time="156.386" errors="0">
  <testcase name="verify" time="156.386" classname="com.adv.qa.selenium.tests.currency.phase2.A089_Amend_AP_Company_Controls_For_AuthorisationTest"/>
</testsuite> <!-- com.adv.qa.selenium.tests.currency.phase2.A089_Amend_AP_Company_Controls_For_AuthorisationTest -->
