<?xml version="1.0" encoding="UTF-8"?>
<!-- Generated by org.testng.reporters.JUnitReportReporter -->
<testsuite hostname="Draxayani-PC" name="com.adv.qa.selenium.tests.currency.phase2.A081_Authorisation_Groupings_For_PMTest" tests="1" failures="0" timestamp="5 Sep 2014 09:40:37 GMT" time="235.212" errors="0">
  <testcase name="verify" time="235.212" classname="com.adv.qa.selenium.tests.currency.phase2.A081_Authorisation_Groupings_For_PMTest"/>
</testsuite> <!-- com.adv.qa.selenium.tests.currency.phase2.A081_Authorisation_Groupings_For_PMTest -->
