<?xml version="1.0" encoding="UTF-8"?>
<!-- Generated by org.testng.reporters.JUnitReportReporter -->
<testsuite hostname="Draxayani-PC" name="com.adv.qa.selenium.tests.currency.phase2.A055_Settlement_TermsTest" tests="1" failures="0" timestamp="5 Sep 2014 09:40:37 GMT" time="148.898" errors="0">
  <testcase name="verify" time="148.898" classname="com.adv.qa.selenium.tests.currency.phase2.A055_Settlement_TermsTest"/>
</testsuite> <!-- com.adv.qa.selenium.tests.currency.phase2.A055_Settlement_TermsTest -->
