<?xml version="1.0" encoding="UTF-8"?>
<!-- Generated by org.testng.reporters.JUnitReportReporter -->
<testsuite hostname="Draxayani-PC" name="com.adv.qa.selenium.tests.currency.phase3.A092_Supplier_ElementsTest" tests="1" failures="0" timestamp="3 Nov 2014 03:54:46 GMT" time="404.513" errors="0">
  <testcase name="verify" time="404.513" classname="com.adv.qa.selenium.tests.currency.phase3.A092_Supplier_ElementsTest"/>
</testsuite> <!-- com.adv.qa.selenium.tests.currency.phase3.A092_Supplier_ElementsTest -->
