<?xml version="1.0" encoding="UTF-8"?>
<!-- Generated by org.testng.reporters.JUnitReportReporter -->
<testsuite hostname="Draxayani-PC" name="com.adv.qa.selenium.tests.currency.phase3.A098A_Item_CreationTest" tests="1" failures="0" timestamp="3 Nov 2014 05:41:26 GMT" time="179.916" errors="0">
  <testcase name="verify" time="179.916" classname="com.adv.qa.selenium.tests.currency.phase3.A098A_Item_CreationTest"/>
</testsuite> <!-- com.adv.qa.selenium.tests.currency.phase3.A098A_Item_CreationTest -->
