<?xml version="1.0" encoding="UTF-8"?>
<!-- Generated by org.testng.reporters.JUnitReportReporter -->
<testsuite hostname="Draxayani-PC" name="com.adv.qa.selenium.tests.currency.phase2.A075A_Circulation_CodeTest" tests="1" failures="0" timestamp="5 Sep 2014 09:40:37 GMT" time="303.618" errors="0">
  <testcase name="verify" time="303.618" classname="com.adv.qa.selenium.tests.currency.phase2.A075A_Circulation_CodeTest"/>
</testsuite> <!-- com.adv.qa.selenium.tests.currency.phase2.A075A_Circulation_CodeTest -->
