<?xml version="1.0" encoding="UTF-8"?>
<!-- Generated by org.testng.reporters.JUnitReportReporter -->
<testsuite hostname="Draxayani-PC" name="com.adv.qa.selenium.tests.currency.A029_Default_Structure_ElementsTest" tests="1" failures="0" timestamp="5 Sep 2014 09:40:37 GMT" time="399.485" errors="0">
  <testcase name="verify" time="399.485" classname="com.adv.qa.selenium.tests.currency.A029_Default_Structure_ElementsTest"/>
</testsuite> <!-- com.adv.qa.selenium.tests.currency.A029_Default_Structure_ElementsTest -->
