<?xml version="1.0" encoding="UTF-8"?>
<!-- Generated by org.testng.reporters.JUnitReportReporter -->
<testsuite hostname="Draxayani-PC" name="com.adv.qa.selenium.tests.currency.phase3.AD02009_Goods_ReceivingTest" tests="1" failures="0" timestamp="4 Nov 2014 05:11:31 GMT" time="418.548" errors="0">
  <testcase name="verify" time="418.548" classname="com.adv.qa.selenium.tests.currency.phase3.AD02009_Goods_ReceivingTest"/>
</testsuite> <!-- com.adv.qa.selenium.tests.currency.phase3.AD02009_Goods_ReceivingTest -->
