<?xml version="1.0" encoding="UTF-8"?>
<!-- Generated by org.testng.reporters.JUnitReportReporter -->
<testsuite hostname="Draxayani-PC" name="com.adv.qa.selenium.tests.currency.A008_DestinationsTest" tests="1" failures="0" timestamp="11 Aug 2014 15:04:53 GMT" time="74.382" errors="0">
  <testcase name="verify" time="74.382" classname="com.adv.qa.selenium.tests.currency.A008_DestinationsTest"/>
</testsuite> <!-- com.adv.qa.selenium.tests.currency.A008_DestinationsTest -->
