<?xml version="1.0" encoding="UTF-8"?>
<!-- Generated by org.testng.reporters.JUnitReportReporter -->
<testsuite hostname="Draxayani-PC" name="com.adv.qa.selenium.tests.currency.phase3.A091A_SupplierAuditTest" tests="1" failures="0" timestamp="2 Nov 2014 17:09:35 GMT" time="201.432" errors="0">
  <testcase name="verify" time="201.432" classname="com.adv.qa.selenium.tests.currency.phase3.A091A_SupplierAuditTest"/>
</testsuite> <!-- com.adv.qa.selenium.tests.currency.phase3.A091A_SupplierAuditTest -->
