<?xml version="1.0" encoding="UTF-8"?>
<!-- Generated by org.testng.reporters.JUnitReportReporter -->
<testsuite hostname="Draxayani-PC" name="com.adv.qa.selenium.tests.currency.phase3.A117_Simplified_SecurityTest" tests="1" failures="0" timestamp="3 Nov 2014 09:52:12 GMT" time="60.794" errors="0">
  <testcase name="verify" time="60.794" classname="com.adv.qa.selenium.tests.currency.phase3.A117_Simplified_SecurityTest"/>
</testsuite> <!-- com.adv.qa.selenium.tests.currency.phase3.A117_Simplified_SecurityTest -->
