<?xml version="1.0" encoding="UTF-8"?>
<!-- Generated by org.testng.reporters.JUnitReportReporter -->
<testsuite hostname="Draxayani-PC" name="com.adv.qa.selenium.tests.currency.A001A_On_line_AuditingTest" tests="2" failures="0" timestamp="11 Aug 2014 15:04:53 GMT" time="179.162" errors="0">
  <testcase name="verify" time="87.354" classname="com.adv.qa.selenium.tests.currency.A001A_On_line_AuditingTest"/>
  <testcase name="verify" time="91.808" classname="com.adv.qa.selenium.tests.currency.A001A_On_line_AuditingTest"/>
</testsuite> <!-- com.adv.qa.selenium.tests.currency.A001A_On_line_AuditingTest -->
