<?xml version="1.0" encoding="UTF-8"?>
<!-- Generated by org.testng.reporters.JUnitReportReporter -->
<testsuite hostname="Draxayani-PC" name="com.adv.qa.selenium.tests.currency.phase3.A107_Stores_HierarchyTest" tests="1" failures="0" timestamp="3 Nov 2014 07:27:31 GMT" time="199.664" errors="0">
  <testcase name="verify" time="199.664" classname="com.adv.qa.selenium.tests.currency.phase3.A107_Stores_HierarchyTest"/>
</testsuite> <!-- com.adv.qa.selenium.tests.currency.phase3.A107_Stores_HierarchyTest -->
