<?xml version="1.0" encoding="UTF-8"?>
<!-- Generated by org.testng.reporters.JUnitReportReporter -->
<testsuite hostname="Draxayani-PC" name="com.adv.qa.selenium.tests.currency.phase2.A091_SuppliersTest" tests="1" failures="0" timestamp="2 Nov 2014 18:02:06 GMT" time="357.405" errors="0">
  <testcase name="verify" time="357.405" classname="com.adv.qa.selenium.tests.currency.phase2.A091_SuppliersTest"/>
</testsuite> <!-- com.adv.qa.selenium.tests.currency.phase2.A091_SuppliersTest -->
