<?xml version="1.0" encoding="UTF-8"?>
<!-- Generated by org.testng.reporters.JUnitReportReporter -->
<testsuite hostname="Draxayani-PC" name="com.adv.qa.selenium.tests.currency.phase3.A109_Element_Control_AccountsTest" tests="1" failures="0" timestamp="3 Nov 2014 08:43:24 GMT" time="156.124" errors="0">
  <testcase name="verify" time="156.124" classname="com.adv.qa.selenium.tests.currency.phase3.A109_Element_Control_AccountsTest"/>
</testsuite> <!-- com.adv.qa.selenium.tests.currency.phase3.A109_Element_Control_AccountsTest -->
