<?xml version="1.0" encoding="UTF-8"?>
<!-- Generated by org.testng.reporters.JUnitReportReporter -->
<testsuite hostname="Draxayani-PC" name="com.adv.qa.selenium.tests.currency.A042_Period_End_Test" tests="1" failures="1" timestamp="11 Aug 2014 15:04:53 GMT" time="25.750" errors="0">
  <testcase name="verify" time="25.750" classname="com.adv.qa.selenium.tests.currency.A042_Period_End_Test">
    <failure type="java.lang.NumberFormatException" message="For input string: &quot;&quot;">
      <![CDATA[java.lang.NumberFormatException: For input string: ""
	at java.lang.NumberFormatException.forInputString(Unknown Source)
	at java.lang.Integer.parseInt(Unknown Source)
	at java.lang.Integer.parseInt(Unknown Source)
	at com.adv.qa.selenium.tests.currency.A042_Period_End_Test.verify(A042_Period_End_Test.java:56)
	at sun.reflect.NativeMethodAccessorImpl.invoke0(Native Method)
	at sun.reflect.NativeMethodAccessorImpl.invoke(Unknown Source)
	at sun.reflect.DelegatingMethodAccessorImpl.invoke(Unknown Source)
	at java.lang.reflect.Method.invoke(Unknown Source)
	at org.testng.internal.MethodInvocationHelper.invokeMethod(MethodInvocationHelper.java:84)
	at org.testng.internal.InvokeMethodRunnable.runOne(InvokeMethodRunnable.java:46)
	at org.testng.internal.InvokeMethodRunnable.run(InvokeMethodRunnable.java:37)
	at java.util.concurrent.Executors$RunnableAdapter.call(Unknown Source)
	at java.util.concurrent.FutureTask.run(Unknown Source)
	at java.util.concurrent.ThreadPoolExecutor.runWorker(Unknown Source)
	at java.util.concurrent.ThreadPoolExecutor$Worker.run(Unknown Source)
	at java.lang.Thread.run(Unknown Source)
]]>
    </failure>
  </testcase> <!-- verify -->
</testsuite> <!-- com.adv.qa.selenium.tests.currency.A042_Period_End_Test -->
