<?xml version="1.0" encoding="UTF-8"?>
<!-- Generated by org.testng.reporters.JUnitReportReporter -->
<testsuite hostname="Draxayani-PC" name="com.adv.qa.selenium.tests.currency.phase3.A094_Business_Event_Manager_ObjectsTest" tests="1" failures="0" timestamp="3 Nov 2014 04:02:32 GMT" time="114.315" errors="0">
  <testcase name="verify" time="114.315" classname="com.adv.qa.selenium.tests.currency.phase3.A094_Business_Event_Manager_ObjectsTest"/>
</testsuite> <!-- com.adv.qa.selenium.tests.currency.phase3.A094_Business_Event_Manager_ObjectsTest -->
