<?xml version="1.0" encoding="UTF-8"?>
<!-- Generated by org.testng.reporters.JUnitReportReporter -->
<testsuite hostname="Draxayani-PC" name="com.adv.qa.selenium.tests.currency.phase3.AD01004_Stock_Take_On_Using_Positive_AdjustmentTest" tests="1" failures="0" timestamp="4 Nov 2014 09:49:40 GMT" time="112.809" errors="0">
  <testcase name="verify" time="112.809" classname="com.adv.qa.selenium.tests.currency.phase3.AD01004_Stock_Take_On_Using_Positive_AdjustmentTest"/>
</testsuite> <!-- com.adv.qa.selenium.tests.currency.phase3.AD01004_Stock_Take_On_Using_Positive_AdjustmentTest -->
