<?xml version="1.0" encoding="UTF-8"?>
<!-- Generated by org.testng.reporters.JUnitReportReporter -->
<testsuite hostname="Draxayani-PC" name="com.adv.qa.selenium.tests.currency.phase3.A114_Security_Group_Access_CodesTest" tests="1" failures="0" timestamp="3 Nov 2014 09:17:03 GMT" time="133.773" errors="0">
  <testcase name="verify" time="133.773" classname="com.adv.qa.selenium.tests.currency.phase3.A114_Security_Group_Access_CodesTest"/>
</testsuite> <!-- com.adv.qa.selenium.tests.currency.phase3.A114_Security_Group_Access_CodesTest -->
