<?xml version="1.0" encoding="UTF-8"?>
<!-- Generated by org.testng.reporters.JUnitReportReporter -->
<testsuite hostname="Draxayani-PC" name="com.adv.qa.selenium.tests.currency.phase3.A102_ICA_Default_Trading_RelationshipsTest" tests="1" failures="0" timestamp="3 Nov 2014 06:35:07 GMT" time="407.704" errors="0">
  <testcase name="verify" time="407.704" classname="com.adv.qa.selenium.tests.currency.phase3.A102_ICA_Default_Trading_RelationshipsTest"/>
</testsuite> <!-- com.adv.qa.selenium.tests.currency.phase3.A102_ICA_Default_Trading_RelationshipsTest -->
