<?xml version="1.0" encoding="UTF-8"?>
<!-- Generated by org.testng.reporters.JUnitReportReporter -->
<testsuite hostname="Draxayani-PC" name="com.adv.qa.selenium.tests.currency.phase2.A060_Payment_CodesTest" tests="1" failures="0" timestamp="2 Nov 2014 17:55:23 GMT" time="231.684" errors="0">
  <testcase name="verify" time="231.684" classname="com.adv.qa.selenium.tests.currency.phase2.A060_Payment_CodesTest"/>
</testsuite> <!-- com.adv.qa.selenium.tests.currency.phase2.A060_Payment_CodesTest -->
