<?xml version="1.0" encoding="UTF-8"?>
<!-- Generated by org.testng.reporters.JUnitReportReporter -->
<testsuite hostname="Draxayani-PC" name="com.adv.qa.selenium.tests.currency.phase3.A108_Item_Store_Controls_Manual_Store_HierarchyTest" tests="1" failures="0" timestamp="3 Nov 2014 08:12:22 GMT" time="386.025" errors="0">
  <testcase name="verify" time="386.025" classname="com.adv.qa.selenium.tests.currency.phase3.A108_Item_Store_Controls_Manual_Store_HierarchyTest"/>
</testsuite> <!-- com.adv.qa.selenium.tests.currency.phase3.A108_Item_Store_Controls_Manual_Store_HierarchyTest -->
