<?xml version="1.0" encoding="UTF-8"?>
<!-- Generated by org.testng.reporters.JUnitReportReporter -->
<testsuite hostname="Draxayani-PC" name="com.adv.qa.selenium.tests.currency.phase3.A099_Items_Supplier_RelationshipTest" tests="1" failures="0" timestamp="3 Nov 2014 05:59:56 GMT" time="155.938" errors="0">
  <testcase name="verify" time="155.938" classname="com.adv.qa.selenium.tests.currency.phase3.A099_Items_Supplier_RelationshipTest"/>
</testsuite> <!-- com.adv.qa.selenium.tests.currency.phase3.A099_Items_Supplier_RelationshipTest -->
