<?xml version="1.0" encoding="UTF-8"?>
<!-- Generated by org.testng.reporters.JUnitReportReporter -->
<testsuite hostname="Draxayani-PC" name="com.adv.qa.selenium.tests.currency.A014_Account_Code_DefinitionTest" tests="1" failures="0" timestamp="5 Sep 2014 05:01:31 GMT" time="186.569" errors="0">
  <testcase name="verify" time="186.569" classname="com.adv.qa.selenium.tests.currency.A014_Account_Code_DefinitionTest"/>
</testsuite> <!-- com.adv.qa.selenium.tests.currency.A014_Account_Code_DefinitionTest -->
