<?xml version="1.0" encoding="UTF-8"?>
<!-- Generated by org.testng.reporters.JUnitReportReporter -->
<testsuite hostname="Draxayani-PC" name="com.adv.qa.selenium.tests.currency.phase2.A050_Accounts_Payable_Control_AccountsTest" tests="1" failures="0" timestamp="5 Sep 2014 09:40:37 GMT" time="124.304" errors="0">
  <testcase name="verify" time="124.304" classname="com.adv.qa.selenium.tests.currency.phase2.A050_Accounts_Payable_Control_AccountsTest"/>
</testsuite> <!-- com.adv.qa.selenium.tests.currency.phase2.A050_Accounts_Payable_Control_AccountsTest -->
