<?xml version="1.0" encoding="UTF-8"?>
<!-- Generated by org.testng.reporters.JUnitReportReporter -->
<testsuite hostname="Draxayani-PC" name="com.adv.qa.selenium.tests.currency.A011_UsersTest" tests="1" failures="0" timestamp="27 Aug 2014 04:26:43 GMT" time="489.812" errors="0">
  <testcase name="verify" time="489.812" classname="com.adv.qa.selenium.tests.currency.A011_UsersTest"/>
</testsuite> <!-- com.adv.qa.selenium.tests.currency.A011_UsersTest -->
