<?xml version="1.0" encoding="UTF-8"?>
<!-- Generated by org.testng.reporters.JUnitReportReporter -->
<testsuite hostname="Draxayani-PC" name="com.adv.qa.selenium.tests.currency.phase3.A100_Item_PricesTest" tests="1" failures="0" timestamp="3 Nov 2014 06:12:48 GMT" time="455.871" errors="0">
  <testcase name="verify" time="455.871" classname="com.adv.qa.selenium.tests.currency.phase3.A100_Item_PricesTest"/>
</testsuite> <!-- com.adv.qa.selenium.tests.currency.phase3.A100_Item_PricesTest -->
