<?xml version="1.0" encoding="UTF-8"?>
<!-- Generated by org.testng.reporters.JUnitReportReporter -->
<testsuite hostname="Draxayani-PC" name="com.adv.qa.selenium.tests.currency.A036_BTZ_Elements_For_ICA_StructureTest" tests="1" failures="0" timestamp="5 Sep 2014 09:40:37 GMT" time="173.645" errors="0">
  <testcase name="verify" time="173.645" classname="com.adv.qa.selenium.tests.currency.A036_BTZ_Elements_For_ICA_StructureTest"/>
</testsuite> <!-- com.adv.qa.selenium.tests.currency.A036_BTZ_Elements_For_ICA_StructureTest -->
