<?xml version="1.0" encoding="UTF-8"?>
<!-- Generated by org.testng.reporters.JUnitReportReporter -->
<testsuite hostname="Draxayani-PC" name="com.adv.qa.selenium.tests.currency.phase3.A103_IM_AccountsTest" tests="1" failures="0" timestamp="3 Nov 2014 06:53:11 GMT" time="504.594" errors="0">
  <testcase name="verify" time="504.594" classname="com.adv.qa.selenium.tests.currency.phase3.A103_IM_AccountsTest"/>
</testsuite> <!-- com.adv.qa.selenium.tests.currency.phase3.A103_IM_AccountsTest -->
