<?xml version="1.0" encoding="UTF-8"?>
<!-- Generated by org.testng.reporters.JUnitReportReporter -->
<testsuite hostname="Draxayani-PC" name="com.adv.qa.selenium.tests.currency.phase3.A101_Item_BuyersTest" tests="1" failures="0" timestamp="3 Nov 2014 06:23:01 GMT" time="248.233" errors="0">
  <testcase name="verify" time="248.233" classname="com.adv.qa.selenium.tests.currency.phase3.A101_Item_BuyersTest"/>
</testsuite> <!-- com.adv.qa.selenium.tests.currency.phase3.A101_Item_BuyersTest -->
