<?xml version="1.0" encoding="UTF-8"?>
<!-- Generated by org.testng.reporters.JUnitReportReporter -->
<testsuite hostname="Draxayani-PC" name="com.adv.qa.selenium.tests.currency.A012_CalendarsTest" tests="1" failures="0" timestamp="26 Aug 2014 20:53:54 GMT" time="82.409" errors="0">
  <testcase name="verify" time="82.409" classname="com.adv.qa.selenium.tests.currency.A012_CalendarsTest"/>
</testsuite> <!-- com.adv.qa.selenium.tests.currency.A012_CalendarsTest -->
