<?xml version="1.0" encoding="UTF-8"?>
<!-- Generated by org.testng.reporters.JUnitReportReporter -->
<testsuite hostname="Draxayani-PC" name="com.adv.qa.selenium.tests.currency.phase3.A110_Security_Range_ListsTest" tests="1" failures="0" timestamp="3 Nov 2014 08:47:17 GMT" time="118.205" errors="0">
  <testcase name="verify" time="118.205" classname="com.adv.qa.selenium.tests.currency.phase3.A110_Security_Range_ListsTest"/>
</testsuite> <!-- com.adv.qa.selenium.tests.currency.phase3.A110_Security_Range_ListsTest -->
