<?xml version="1.0" encoding="UTF-8"?>
<!-- Generated by org.testng.reporters.JUnitReportReporter -->
<testsuite hostname="Draxayani-PC" name="com.adv.qa.selenium.tests.currency.phase2.A059_Bank_Payment_MethodTest" tests="1" failures="0" timestamp="5 Sep 2014 09:40:37 GMT" time="118.228" errors="0">
  <testcase name="verify" time="118.228" classname="com.adv.qa.selenium.tests.currency.phase2.A059_Bank_Payment_MethodTest"/>
</testsuite> <!-- com.adv.qa.selenium.tests.currency.phase2.A059_Bank_Payment_MethodTest -->
