<?xml version="1.0" encoding="UTF-8"?>
<!-- Generated by org.testng.reporters.JUnitReportReporter -->
<testsuite hostname="Draxayani-PC" name="com.adv.qa.selenium.tests.currency.A016A_Normal_Balance_Sheet_GroupsTest" tests="1" failures="0" timestamp="26 Aug 2014 20:53:53 GMT" time="165.134" errors="0">
  <testcase name="verify" time="165.134" classname="com.adv.qa.selenium.tests.currency.A016A_Normal_Balance_Sheet_GroupsTest"/>
</testsuite> <!-- com.adv.qa.selenium.tests.currency.A016A_Normal_Balance_Sheet_GroupsTest -->
