<?xml version="1.0" encoding="UTF-8"?>
<!-- Generated by org.testng.reporters.JUnitReportReporter -->
<testsuite hostname="Draxayani-PC" name="com.adv.qa.selenium.tests.currency.phase2.A056A_System_Assigned_Batch_Numbers_In_AP" tests="1" failures="0" timestamp="5 Sep 2014 09:40:37 GMT" time="333.493" errors="0">
  <testcase name="verify" time="333.493" classname="com.adv.qa.selenium.tests.currency.phase2.A056A_System_Assigned_Batch_Numbers_In_AP"/>
</testsuite> <!-- com.adv.qa.selenium.tests.currency.phase2.A056A_System_Assigned_Batch_Numbers_In_AP -->
