<?xml version="1.0" encoding="UTF-8"?>
<!-- Generated by org.testng.reporters.JUnitReportReporter -->
<testsuite hostname="Draxayani-PC" name="com.adv.qa.selenium.tests.currency.phase3.A095_Business_Event_Manager_Program_V_EventTest" tests="1" failures="0" timestamp="3 Nov 2014 04:12:13 GMT" time="185.753" errors="0">
  <testcase name="verify" time="185.753" classname="com.adv.qa.selenium.tests.currency.phase3.A095_Business_Event_Manager_Program_V_EventTest"/>
</testsuite> <!-- com.adv.qa.selenium.tests.currency.phase3.A095_Business_Event_Manager_Program_V_EventTest -->
