<?xml version="1.0" encoding="UTF-8"?>
<!-- Generated by org.testng.reporters.JUnitReportReporter -->
<testsuite hostname="Draxayani-PC" name="com.adv.qa.selenium.tests.currency.phase3.A096_Business_Event_Manager_Action_ListTest" tests="1" failures="0" timestamp="3 Nov 2014 04:14:39 GMT" time="91.234" errors="0">
  <testcase name="verify" time="91.234" classname="com.adv.qa.selenium.tests.currency.phase3.A096_Business_Event_Manager_Action_ListTest"/>
</testsuite> <!-- com.adv.qa.selenium.tests.currency.phase3.A096_Business_Event_Manager_Action_ListTest -->
