<?xml version="1.0" encoding="UTF-8"?>
<!-- Generated by org.testng.reporters.JUnitReportReporter -->
<testsuite hostname="Draxayani-PC" name="com.adv.qa.selenium.tests.currency.A010_Environment_Groups_Test" tests="1" failures="0" timestamp="11 Aug 2014 15:04:53 GMT" time="114.532" errors="0">
  <testcase name="verify" time="114.532" classname="com.adv.qa.selenium.tests.currency.A010_Environment_Groups_Test"/>
</testsuite> <!-- com.adv.qa.selenium.tests.currency.A010_Environment_Groups_Test -->
