<?xml version="1.0" encoding="UTF-8"?>
<!-- Generated by org.testng.reporters.JUnitReportReporter -->
<testsuite hostname="Draxayani-PC" name="com.adv.qa.selenium.tests.currency.phase2.A087A_Authorisation_By_Level_Or_GL_ResponsibilityTest" tests="3" failures="0" timestamp="5 Sep 2014 09:40:37 GMT" time="1648.789" errors="0">
  <testcase name="verify" time="551.603" classname="com.adv.qa.selenium.tests.currency.phase2.A087A_Authorisation_By_Level_Or_GL_ResponsibilityTest"/>
  <testcase name="verify" time="550.413" classname="com.adv.qa.selenium.tests.currency.phase2.A087A_Authorisation_By_Level_Or_GL_ResponsibilityTest"/>
  <testcase name="verify" time="546.773" classname="com.adv.qa.selenium.tests.currency.phase2.A087A_Authorisation_By_Level_Or_GL_ResponsibilityTest"/>
</testsuite> <!-- com.adv.qa.selenium.tests.currency.phase2.A087A_Authorisation_By_Level_Or_GL_ResponsibilityTest -->
