<?xml version="1.0" encoding="UTF-8"?>
<!-- Generated by org.testng.reporters.JUnitReportReporter -->
<testsuite hostname="Draxayani-PC" name="com.adv.qa.selenium.tests.currency.A013_Fiscal_CalendarTest" tests="1" failures="0" timestamp="5 Sep 2014 04:32:59 GMT" time="715.249" errors="0">
  <testcase name="verify" time="715.249" classname="com.adv.qa.selenium.tests.currency.A013_Fiscal_CalendarTest"/>
</testsuite> <!-- com.adv.qa.selenium.tests.currency.A013_Fiscal_CalendarTest -->
