<?xml version="1.0" encoding="UTF-8"?>
<!-- Generated by org.testng.reporters.JUnitReportReporter -->
<testsuite hostname="Draxayani-PC" name="com.adv.qa.selenium.tests.currency.A024A_Batch_TypesTest" tests="1" failures="0" timestamp="26 Aug 2014 20:53:54 GMT" time="469.846" errors="0">
  <testcase name="verify" time="469.846" classname="com.adv.qa.selenium.tests.currency.A024A_Batch_TypesTest"/>
</testsuite> <!-- com.adv.qa.selenium.tests.currency.A024A_Batch_TypesTest -->
