<?xml version="1.0" encoding="UTF-8"?>
<!-- Generated by org.testng.reporters.JUnitReportReporter -->
<testsuite hostname="Draxayani-PC" name="com.adv.qa.selenium.tests.currency.phase3.AD02001_Normal_Material_IssueTest" tests="1" failures="0" timestamp="3 Nov 2014 12:33:31 GMT" time="914.936" errors="0">
  <testcase name="verify" time="914.936" classname="com.adv.qa.selenium.tests.currency.phase3.AD02001_Normal_Material_IssueTest"/>
</testsuite> <!-- com.adv.qa.selenium.tests.currency.phase3.AD02001_Normal_Material_IssueTest -->
