<?xml version="1.0" encoding="UTF-8"?>
<!-- Generated by org.testng.reporters.JUnitReportReporter -->
<testsuite hostname="Draxayani-PC" name="com.adv.qa.selenium.tests.currency.phase3.A112_User_Company_SecurityTest" tests="1" failures="0" timestamp="3 Nov 2014 09:09:05 GMT" time="287.084" errors="0">
  <testcase name="verify" time="287.084" classname="com.adv.qa.selenium.tests.currency.phase3.A112_User_Company_SecurityTest"/>
</testsuite> <!-- com.adv.qa.selenium.tests.currency.phase3.A112_User_Company_SecurityTest -->
