<?xml version="1.0" encoding="UTF-8"?>
<!-- Generated by org.testng.reporters.JUnitReportReporter -->
<testsuite hostname="Draxayani-PC" name="com.adv.qa.selenium.tests.currency.phase2.A054_Discount_TermsTest" tests="1" failures="0" timestamp="5 Sep 2014 09:40:37 GMT" time="97.071" errors="0">
  <testcase name="verify" time="97.071" classname="com.adv.qa.selenium.tests.currency.phase2.A054_Discount_TermsTest"/>
</testsuite> <!-- com.adv.qa.selenium.tests.currency.phase2.A054_Discount_TermsTest -->
