<?xml version="1.0" encoding="UTF-8"?>
<!-- Generated by org.testng.reporters.JUnitReportReporter -->
<testsuite hostname="Draxayani-PC" name="com.adv.qa.selenium.tests.currency.phase2.A061_Purchasing_Management_LocationsTest" tests="1" failures="0" timestamp="3 Nov 2014 07:12:43 GMT" time="450.735" errors="0">
  <testcase name="verify" time="450.735" classname="com.adv.qa.selenium.tests.currency.phase2.A061_Purchasing_Management_LocationsTest"/>
</testsuite> <!-- com.adv.qa.selenium.tests.currency.phase2.A061_Purchasing_Management_LocationsTest -->
