<?xml version="1.0" encoding="UTF-8"?>
<!-- Generated by org.testng.reporters.JUnitReportReporter -->
<testsuite hostname="Draxayani-PC" name="com.adv.qa.selenium.tests.currency.A011_UsersTest" tests="1" failures="1" timestamp="20 Jul 2014 15:46:56 GMT" time="0.000" errors="0">
  <testcase name="verify" time="0.000" classname="com.adv.qa.selenium.tests.currency.A011_UsersTest">
    <failure type="org.openqa.selenium.WebDriverException" message="Failed to connect to binary FirefoxBinary(C:\Program Files (x86)\Mozilla Firefox\firefox.exe) on port 7055; process output follows: 
*** LOG addons.manager: Application has been upgraded
*** LOG addons.xpi: startup
*** LOG addons.xpi: Skipping unavailable install location app-system-local
*** LOG addons.xpi: Skipping unavailable install location app-system-share
*** LOG addons.xpi: Ignoring file entry whose name is not a valid add-on ID: C:\Users\DRAXAY~1.P\AppData\Local\Temp\anonymous6642736393431922123webdriver-profile\extensions\webdriver-staging
*** LOG addons.xpi: checkForChanges
*** LOG addons.xpi-utils: Opening XPI database C:\Users\DRAXAY~1.P\AppData\Local\Temp\anonymous6642736393431922123webdriver-profile\extensions.json
*** LOG addons.xpi: New add-on fxdriver@googlecode.com installed in app-profile
*** Blocklist::_loadBlocklistFromFile: blocklist is disabled
*** LOG addons.xpi-utils: Make addon app-profile:fxdriver@googlecode.com visible
*** LOG DeferredSave/extensions.json: Save changes
*** LOG DeferredSave/extensions.json: Save changes
*** LOG addons.xpi: New add-on {82AF8DCA-6DE9-405D-BD5E-43525BDAD38A} installed in app-global
*** LOG addons.xpi-utils: Make addon app-global:{82AF8DCA-6DE9-405D-BD5E-43525BDAD38A} visible
*** LOG DeferredSave/extensions.json: Save changes
*** LOG DeferredSave/extensions.json: Save changes
*** LOG addons.xpi: Loading bootstrap scope from C:\Program Files (x86)\Mozilla Firefox\browser\extensions\{82AF8DCA-6DE9-405D-BD5E-43525BDAD38A}.xpi
*** LOG addons.xpi: Calling bootstrap method install on {82AF8DCA-6DE9-405D-BD5E-43525BDAD38A} version 7.2.15747.10003
*** LOG addons.xpi: New add-on {972ce4c6-7e08-4474-a285-3208198ce6fd} installed in app-global
*** LOG addons.xpi-utils: Make addon app-global:{972ce4c6-7e08-4474-a285-3208198ce6fd} visible
*** LOG DeferredSave/extensions.json: Save changes
*** LOG DeferredSave/extensions.json: Save changes
*** LOG addons.xpi: New add-on {BBDA0591-3099-440a-AA10-41764D9DB4DB} installed in winreg-app-global
*** LOG addons.xpi-utils: Make addon winreg-app-global:{BBDA0591-3099-440a-AA10-41764D9DB4DB} visible
*** LOG DeferredSave/extensions.json: Save changes
*** LOG DeferredSave/extensions.json: Save changes
*** LOG addons.xpi: Updating database with changes to installed add-ons
*** LOG addons.xpi-utils: Updating add-on states
*** LOG addons.xpi-utils: Writing add-ons list
*** LOG addons.xpi: Registering manifest for C:\Program Files (x86)\Mozilla Firefox\browser\extensions\{82AF8DCA-6DE9-405D-BD5E-43525BDAD38A}.xpi
*** LOG addons.xpi: Calling bootstrap method startup on {82AF8DCA-6DE9-405D-BD5E-43525BDAD38A} version 7.2.15747.10003
*** LOG DeferredSave/extensions.json: Starting timer
*** LOG DeferredSave/extensions.json: Starting write
*** LOG DeferredSave/extensions.json: Write succeeded
*** LOG addons.xpi-utils: XPI Database saved, setting schema version preference to 15
*** LOG addons.manager: shutdown
*** LOG addons.xpi: shutdown
*** LOG addons.xpi-utils: shutdown
*** LOG addons.xpi: Notifying XPI shutdown observers
*** LOG addons.manager: Async provider shutdown done
*** LOG addons.xpi: startup
*** LOG addons.xpi: Skipping unavailable install location app-system-local
*** LOG addons.xpi: Skipping unavailable install location app-system-share
*** LOG addons.xpi: Ignoring file entry whose name is not a valid add-on ID: C:\Users\DRAXAY~1.P\AppData\Local\Temp\anonymous6642736393431922123webdriver-profile\extensions\webdriver-staging
*** LOG addons.xpi: checkForChanges
*** LOG addons.xpi: No changes found
*** LOG addons.xpi: Registering manifest for C:\Program Files (x86)\Mozilla Firefox\browser\extensions\{82AF8DCA-6DE9-405D-BD5E-43525BDAD38A}.xpi
*** LOG addons.xpi: Loading bootstrap scope from C:\Program Files (x86)\Mozilla Firefox\browser\extensions\{82AF8DCA-6DE9-405D-BD5E-43525BDAD38A}.xpi
*** LOG addons.xpi: Calling bootstrap method startup on {82AF8DCA-6DE9-405D-BD5E-43525BDAD38A} version 7.2.15747.10003

Build info: version: &#039;2.30.0&#039;, revision: &#039;dc1ef9ceb805a672f56dc49198f9ffbd4ca345c7&#039;, time: &#039;2013-02-19 09:14:38&#039;
System info: os.name: &#039;Windows 7&#039;, os.arch: &#039;amd64&#039;, os.version: &#039;6.1&#039;, java.version: &#039;1.7.0_51&#039;
Driver info: driver.version: FirefoxDriver">
      <![CDATA[org.openqa.selenium.WebDriverException: Failed to connect to binary FirefoxBinary(C:\Program Files (x86)\Mozilla Firefox\firefox.exe) on port 7055; process output follows: 
*** LOG addons.manager: Application has been upgraded
*** LOG addons.xpi: startup
*** LOG addons.xpi: Skipping unavailable install location app-system-local
*** LOG addons.xpi: Skipping unavailable install location app-system-share
*** LOG addons.xpi: Ignoring file entry whose name is not a valid add-on ID: C:\Users\DRAXAY~1.P\AppData\Local\Temp\anonymous6642736393431922123webdriver-profile\extensions\webdriver-staging
*** LOG addons.xpi: checkForChanges
*** LOG addons.xpi-utils: Opening XPI database C:\Users\DRAXAY~1.P\AppData\Local\Temp\anonymous6642736393431922123webdriver-profile\extensions.json
*** LOG addons.xpi: New add-on fxdriver@googlecode.com installed in app-profile
*** Blocklist::_loadBlocklistFromFile: blocklist is disabled
*** LOG addons.xpi-utils: Make addon app-profile:fxdriver@googlecode.com visible
*** LOG DeferredSave/extensions.json: Save changes
*** LOG DeferredSave/extensions.json: Save changes
*** LOG addons.xpi: New add-on {82AF8DCA-6DE9-405D-BD5E-43525BDAD38A} installed in app-global
*** LOG addons.xpi-utils: Make addon app-global:{82AF8DCA-6DE9-405D-BD5E-43525BDAD38A} visible
*** LOG DeferredSave/extensions.json: Save changes
*** LOG DeferredSave/extensions.json: Save changes
*** LOG addons.xpi: Loading bootstrap scope from C:\Program Files (x86)\Mozilla Firefox\browser\extensions\{82AF8DCA-6DE9-405D-BD5E-43525BDAD38A}.xpi
*** LOG addons.xpi: Calling bootstrap method install on {82AF8DCA-6DE9-405D-BD5E-43525BDAD38A} version 7.2.15747.10003
*** LOG addons.xpi: New add-on {972ce4c6-7e08-4474-a285-3208198ce6fd} installed in app-global
*** LOG addons.xpi-utils: Make addon app-global:{972ce4c6-7e08-4474-a285-3208198ce6fd} visible
*** LOG DeferredSave/extensions.json: Save changes
*** LOG DeferredSave/extensions.json: Save changes
*** LOG addons.xpi: New add-on {BBDA0591-3099-440a-AA10-41764D9DB4DB} installed in winreg-app-global
*** LOG addons.xpi-utils: Make addon winreg-app-global:{BBDA0591-3099-440a-AA10-41764D9DB4DB} visible
*** LOG DeferredSave/extensions.json: Save changes
*** LOG DeferredSave/extensions.json: Save changes
*** LOG addons.xpi: Updating database with changes to installed add-ons
*** LOG addons.xpi-utils: Updating add-on states
*** LOG addons.xpi-utils: Writing add-ons list
*** LOG addons.xpi: Registering manifest for C:\Program Files (x86)\Mozilla Firefox\browser\extensions\{82AF8DCA-6DE9-405D-BD5E-43525BDAD38A}.xpi
*** LOG addons.xpi: Calling bootstrap method startup on {82AF8DCA-6DE9-405D-BD5E-43525BDAD38A} version 7.2.15747.10003
*** LOG DeferredSave/extensions.json: Starting timer
*** LOG DeferredSave/extensions.json: Starting write
*** LOG DeferredSave/extensions.json: Write succeeded
*** LOG addons.xpi-utils: XPI Database saved, setting schema version preference to 15
*** LOG addons.manager: shutdown
*** LOG addons.xpi: shutdown
*** LOG addons.xpi-utils: shutdown
*** LOG addons.xpi: Notifying XPI shutdown observers
*** LOG addons.manager: Async provider shutdown done
*** LOG addons.xpi: startup
*** LOG addons.xpi: Skipping unavailable install location app-system-local
*** LOG addons.xpi: Skipping unavailable install location app-system-share
*** LOG addons.xpi: Ignoring file entry whose name is not a valid add-on ID: C:\Users\DRAXAY~1.P\AppData\Local\Temp\anonymous6642736393431922123webdriver-profile\extensions\webdriver-staging
*** LOG addons.xpi: checkForChanges
*** LOG addons.xpi: No changes found
*** LOG addons.xpi: Registering manifest for C:\Program Files (x86)\Mozilla Firefox\browser\extensions\{82AF8DCA-6DE9-405D-BD5E-43525BDAD38A}.xpi
*** LOG addons.xpi: Loading bootstrap scope from C:\Program Files (x86)\Mozilla Firefox\browser\extensions\{82AF8DCA-6DE9-405D-BD5E-43525BDAD38A}.xpi
*** LOG addons.xpi: Calling bootstrap method startup on {82AF8DCA-6DE9-405D-BD5E-43525BDAD38A} version 7.2.15747.10003

Build info: version: '2.30.0', revision: 'dc1ef9ceb805a672f56dc49198f9ffbd4ca345c7', time: '2013-02-19 09:14:38'
System info: os.name: 'Windows 7', os.arch: 'amd64', os.version: '6.1', java.version: '1.7.0_51'
Driver info: driver.version: FirefoxDriver
	at org.openqa.selenium.firefox.internal.NewProfileExtensionConnection.start(NewProfileExtensionConnection.java:118)
	at org.openqa.selenium.firefox.FirefoxDriver.startClient(FirefoxDriver.java:244)
	at org.openqa.selenium.remote.RemoteWebDriver.<init>(RemoteWebDriver.java:110)
	at org.openqa.selenium.firefox.FirefoxDriver.<init>(FirefoxDriver.java:188)
	at org.openqa.selenium.firefox.FirefoxDriver.<init>(FirefoxDriver.java:183)
	at org.openqa.selenium.firefox.FirefoxDriver.<init>(FirefoxDriver.java:179)
	at org.openqa.selenium.firefox.FirefoxDriver.<init>(FirefoxDriver.java:92)
	at com.adv.qa.selenium.framework.BaseTest.initialiseWebDriverWithoutLoadingPage(BaseTest.java:190)
	at com.adv.qa.selenium.framework.BaseTest.initialiseWebDriver(BaseTest.java:164)
	at com.adv.qa.selenium.framework.BaseTest.setUp(BaseTest.java:143)
	at com.adv.qa.selenium.tests.currency.phase2.A083A_Structure_AuthorisersTest.beforeClass(A083A_Structure_AuthorisersTest.java:27)
	at sun.reflect.NativeMethodAccessorImpl.invoke0(Native Method)
	at sun.reflect.NativeMethodAccessorImpl.invoke(NativeMethodAccessorImpl.java:57)
	at sun.reflect.DelegatingMethodAccessorImpl.invoke(DelegatingMethodAccessorImpl.java:43)
	at java.lang.reflect.Method.invoke(Method.java:606)
	at org.testng.internal.MethodInvocationHelper.invokeMethod(MethodInvocationHelper.java:80)
	at org.testng.internal.Invoker.invokeConfigurationMethod(Invoker.java:564)
	at org.testng.internal.Invoker.invokeConfigurations(Invoker.java:213)
	at org.testng.internal.Invoker.invokeConfigurations(Invoker.java:138)
	at org.testng.internal.TestMethodWorker.invokeBeforeClassMethods(TestMethodWorker.java:175)
	at org.testng.internal.TestMethodWorker.run(TestMethodWorker.java:107)
	at org.testng.TestRunner.privateRun(TestRunner.java:767)
	at org.testng.TestRunner.run(TestRunner.java:617)
	at org.testng.SuiteRunner.runTest(SuiteRunner.java:334)
	at org.testng.SuiteRunner.runSequentially(SuiteRunner.java:329)
	at org.testng.SuiteRunner.privateRun(SuiteRunner.java:291)
	at org.testng.SuiteRunner.run(SuiteRunner.java:240)
	at org.testng.SuiteRunnerWorker.runSuite(SuiteRunnerWorker.java:51)
	at org.testng.SuiteRunnerWorker.run(SuiteRunnerWorker.java:85)
	at org.testng.TestNG.runSuitesSequentially(TestNG.java:1197)
	at org.testng.TestNG.runSuitesLocally(TestNG.java:1122)
	at org.testng.TestNG.run(TestNG.java:1030)
	at org.apache.maven.surefire.testng.TestNGExecutor.run(TestNGExecutor.java:77)
	at org.apache.maven.surefire.testng.TestNGDirectoryTestSuite.executeMulti(TestNGDirectoryTestSuite.java:159)
	at org.apache.maven.surefire.testng.TestNGDirectoryTestSuite.execute(TestNGDirectoryTestSuite.java:99)
	at org.apache.maven.surefire.testng.TestNGProvider.invoke(TestNGProvider.java:106)
	at sun.reflect.NativeMethodAccessorImpl.invoke0(Native Method)
	at sun.reflect.NativeMethodAccessorImpl.invoke(NativeMethodAccessorImpl.java:57)
	at sun.reflect.DelegatingMethodAccessorImpl.invoke(DelegatingMethodAccessorImpl.java:43)
	at java.lang.reflect.Method.invoke(Method.java:606)
	at org.apache.maven.surefire.util.ReflectionUtils.invokeMethodWithArray(ReflectionUtils.java:189)
	at org.apache.maven.surefire.booter.ProviderFactory$ProviderProxy.invoke(ProviderFactory.java:165)
	at org.apache.maven.surefire.booter.ProviderFactory.invokeProvider(ProviderFactory.java:85)
	at org.apache.maven.surefire.booter.ForkedBooter.runSuitesInProcess(ForkedBooter.java:115)
	at org.apache.maven.surefire.booter.ForkedBooter.main(ForkedBooter.java:75)
Caused by: org.openqa.selenium.firefox.NotConnectedException: Unable to connect to host 127.0.0.1 on port 7055 after 45000 ms. Firefox console output:
*** LOG addons.manager: Application has been upgraded
*** LOG addons.xpi: startup
*** LOG addons.xpi: Skipping unavailable install location app-system-local
*** LOG addons.xpi: Skipping unavailable install location app-system-share
*** LOG addons.xpi: Ignoring file entry whose name is not a valid add-on ID: C:\Users\DRAXAY~1.P\AppData\Local\Temp\anonymous6642736393431922123webdriver-profile\extensions\webdriver-staging
*** LOG addons.xpi: checkForChanges
*** LOG addons.xpi-utils: Opening XPI database C:\Users\DRAXAY~1.P\AppData\Local\Temp\anonymous6642736393431922123webdriver-profile\extensions.json
*** LOG addons.xpi: New add-on fxdriver@googlecode.com installed in app-profile
*** Blocklist::_loadBlocklistFromFile: blocklist is disabled
*** LOG addons.xpi-utils: Make addon app-profile:fxdriver@googlecode.com visible
*** LOG DeferredSave/extensions.json: Save changes
*** LOG DeferredSave/extensions.json: Save changes
*** LOG addons.xpi: New add-on {82AF8DCA-6DE9-405D-BD5E-43525BDAD38A} installed in app-global
*** LOG addons.xpi-utils: Make addon app-global:{82AF8DCA-6DE9-405D-BD5E-43525BDAD38A} visible
*** LOG DeferredSave/extensions.json: Save changes
*** LOG DeferredSave/extensions.json: Save changes
*** LOG addons.xpi: Loading bootstrap scope from C:\Program Files (x86)\Mozilla Firefox\browser\extensions\{82AF8DCA-6DE9-405D-BD5E-43525BDAD38A}.xpi
*** LOG addons.xpi: Calling bootstrap method install on {82AF8DCA-6DE9-405D-BD5E-43525BDAD38A} version 7.2.15747.10003
*** LOG addons.xpi: New add-on {972ce4c6-7e08-4474-a285-3208198ce6fd} installed in app-global
*** LOG addons.xpi-utils: Make addon app-global:{972ce4c6-7e08-4474-a285-3208198ce6fd} visible
*** LOG DeferredSave/extensions.json: Save changes
*** LOG DeferredSave/extensions.json: Save changes
*** LOG addons.xpi: New add-on {BBDA0591-3099-440a-AA10-41764D9DB4DB} installed in winreg-app-global
*** LOG addons.xpi-utils: Make addon winreg-app-global:{BBDA0591-3099-440a-AA10-41764D9DB4DB} visible
*** LOG DeferredSave/extensions.json: Save changes
*** LOG DeferredSave/extensions.json: Save changes
*** LOG addons.xpi: Updating database with changes to installed add-ons
*** LOG addons.xpi-utils: Updating add-on states
*** LOG addons.xpi-utils: Writing add-ons list
*** LOG addons.xpi: Registering manifest for C:\Program Files (x86)\Mozilla Firefox\browser\extensions\{82AF8DCA-6DE9-405D-BD5E-43525BDAD38A}.xpi
*** LOG addons.xpi: Calling bootstrap method startup on {82AF8DCA-6DE9-405D-BD5E-43525BDAD38A} version 7.2.15747.10003
*** LOG DeferredSave/extensions.json: Starting timer
*** LOG DeferredSave/extensions.json: Starting write
*** LOG DeferredSave/extensions.json: Write succeeded
*** LOG addons.xpi-utils: XPI Database saved, setting schema version preference to 15
*** LOG addons.manager: shutdown
*** LOG addons.xpi: shutdown
*** LOG addons.xpi-utils: shutdown
*** LOG addons.xpi: Notifying XPI shutdown observers
*** LOG addons.manager: Async provider shutdown done
*** LOG addons.xpi: startup
*** LOG addons.xpi: Skipping unavailable install location app-system-local
*** LOG addons.xpi: Skipping unavailable install location app-system-share
*** LOG addons.xpi: Ignoring file entry whose name is not a valid add-on ID: C:\Users\DRAXAY~1.P\AppData\Local\Temp\anonymous6642736393431922123webdriver-profile\extensions\webdriver-staging
*** LOG addons.xpi: checkForChanges
*** LOG addons.xpi: No changes found
*** LOG addons.xpi: Registering manifest for C:\Program Files (x86)\Mozilla Firefox\browser\extensions\{82AF8DCA-6DE9-405D-BD5E-43525BDAD38A}.xpi
*** LOG addons.xpi: Loading bootstrap scope from C:\Program Files (x86)\Mozilla Firefox\browser\extensions\{82AF8DCA-6DE9-405D-BD5E-43525BDAD38A}.xpi
*** LOG addons.xpi: Calling bootstrap method startup on {82AF8DCA-6DE9-405D-BD5E-43525BDAD38A} version 7.2.15747.10003

	at org.openqa.selenium.firefox.internal.NewProfileExtensionConnection.start(NewProfileExtensionConnection.java:106)
	... 44 more
]]>
    </failure>
  </testcase> <!-- verify -->
</testsuite> <!-- com.adv.qa.selenium.tests.currency.A011_UsersTest -->
